<?xml version="1.0" encoding="utf-8"?><testsuites name="pytest tests"><testsuite name="pytest" errors="0" failures="1" skipped="0" tests="10" time="6.520" timestamp="2026-01-03T13:25:39.628108+00:00" hostname="agent-env-2af57005-9ef6-4776-9534-c91d56dd9e3a"><testcase classname="tests.test_dtc_delete_tool.TestDTCDeleteToolAPI" name="test_01_health_check" time="0.369"><failure message="AssertionError: Health check failed: {&quot;detail&quot;:&quot;Not Found&quot;}&#10;assert 404 == 200&#10; +  where 404 = &lt;Response [404]&gt;.status_code">tests/test_dtc_delete_tool.py:34: in test_01_health_check
    assert response.status_code == 200, f"Health check failed: {response.text}"
E   AssertionError: Health check failed: {"detail":"Not Found"}
E   assert 404 == 200
E    +  where 404 = &lt;Response [404]&gt;.status_code</failure></testcase><testcase classname="tests.test_dtc_delete_tool.TestDTCDeleteToolAPI" name="test_02_dtc_database_available" time="0.126" /><testcase classname="tests.test_dtc_delete_tool.TestDTCDeleteToolAPI" name="test_03_upload_file" time="1.180" /><testcase classname="tests.test_dtc_delete_tool.TestDTCDeleteToolAPI" name="test_04_create_order" time="0.204" /><testcase classname="tests.test_dtc_delete_tool.TestDTCDeleteToolAPI" name="test_05_process_dtc_deletion" time="2.206" /><testcase classname="tests.test_dtc_delete_tool.TestDTCDeleteToolAPI" name="test_06_download_processed_file" time="0.142" /><testcase classname="tests.test_dtc_delete_tool.TestDTCDeleteToolAPI" name="test_07_invalid_download_id" time="0.125" /><testcase classname="tests.test_dtc_delete_tool.TestDTCDeleteToolAPI" name="test_08_process_without_order" time="1.384" /><testcase classname="tests.test_dtc_delete_tool.TestDTCDatabaseSearch" name="test_search_by_code" time="0.142" /><testcase classname="tests.test_dtc_delete_tool.TestDTCDatabaseSearch" name="test_search_by_description" time="0.177" /></testsuite></testsuites>