<?xml version="1.0" encoding="utf-8"?><testsuites name="pytest tests"><testsuite name="pytest" errors="0" failures="0" skipped="0" tests="10" time="7.092" timestamp="2026-01-03T13:26:06.668534+00:00" hostname="agent-env-2af57005-9ef6-4776-9534-c91d56dd9e3a"><testcase classname="tests.test_dtc_delete_tool.TestDTCDeleteToolAPI" name="test_01_api_accessible" time="0.424" /><testcase classname="tests.test_dtc_delete_tool.TestDTCDeleteToolAPI" name="test_02_dtc_database_available" time="0.127" /><testcase classname="tests.test_dtc_delete_tool.TestDTCDeleteToolAPI" name="test_03_upload_file" time="0.975" /><testcase classname="tests.test_dtc_delete_tool.TestDTCDeleteToolAPI" name="test_04_create_order" time="0.206" /><testcase classname="tests.test_dtc_delete_tool.TestDTCDeleteToolAPI" name="test_05_process_dtc_deletion" time="2.274" /><testcase classname="tests.test_dtc_delete_tool.TestDTCDeleteToolAPI" name="test_06_download_processed_file" time="0.206" /><testcase classname="tests.test_dtc_delete_tool.TestDTCDeleteToolAPI" name="test_07_invalid_download_id" time="0.247" /><testcase classname="tests.test_dtc_delete_tool.TestDTCDeleteToolAPI" name="test_08_process_without_order" time="1.928" /><testcase classname="tests.test_dtc_delete_tool.TestDTCDatabaseSearch" name="test_search_by_code" time="0.251" /><testcase classname="tests.test_dtc_delete_tool.TestDTCDatabaseSearch" name="test_search_by_description" time="0.125" /></testsuite></testsuites>