<?xml version="1.0" encoding="utf-8"?><testsuites name="pytest tests"><testsuite name="pytest" errors="0" failures="0" skipped="0" tests="14" time="17.715" timestamp="2026-01-03T15:15:06.556352+00:00" hostname="agent-env-2af57005-9ef6-4776-9534-c91d56dd9e3a"><testcase classname="tests.test_main_upload_flow.TestAPIAccessibility" name="test_api_root" time="0.127" /><testcase classname="tests.test_main_upload_flow.TestAPIAccessibility" name="test_services_endpoint" time="0.053" /><testcase classname="tests.test_main_upload_flow.TestVehicleSelection" name="test_get_vehicle_types" time="0.046" /><testcase classname="tests.test_main_upload_flow.TestVehicleSelection" name="test_get_manufacturers" time="0.050" /><testcase classname="tests.test_main_upload_flow.TestVehicleSelection" name="test_get_models" time="0.102" /><testcase classname="tests.test_main_upload_flow.TestFileUploadAndAnalysis" name="test_upload_and_analyze_file" time="0.976" /><testcase classname="tests.test_main_upload_flow.TestFileUploadAndAnalysis" name="test_upload_invalid_file_type" time="0.050" /><testcase classname="tests.test_main_upload_flow.TestOrderCreation" name="test_create_order_via_json" time="4.161" /><testcase classname="tests.test_main_upload_flow.TestOrderCreation" name="test_purchase_processed_file_endpoint" time="5.226" /><testcase classname="tests.test_main_upload_flow.TestOrderRetrieval" name="test_get_order_status" time="4.127" /><testcase classname="tests.test_main_upload_flow.TestOrderRetrieval" name="test_admin_orders_endpoint" time="0.047" /><testcase classname="tests.test_main_upload_flow.TestOrderRetrieval" name="test_customer_portal_orders" time="0.050" /><testcase classname="tests.test_main_upload_flow.TestEmailService" name="test_email_connection" time="2.512" /><testcase classname="tests.test_main_upload_flow.TestCustomerPortalAuth" name="test_customer_login" time="0.074" /></testsuite></testsuites>